#
# There is insufficient memory for the Java Runtime Environment to continue.
# Native memory allocation (malloc) failed to allocate 1280816 bytes for Chunk::new
# Possible reasons:
#   The system is out of physical RAM or swap space
#   In 32 bit mode, the process size limit was hit
# Possible solutions:
#   Reduce memory load on the system
#   Increase physical memory or swap space
#   Check if swap backing store is full
#   Use 64 bit Java on a 64 bit OS
#   Decrease Java heap size (-Xmx/-Xms)
#   Decrease number of Java threads
#   Decrease Java thread stack sizes (-Xss)
#   Set larger code cache with -XX:ReservedCodeCacheSize=
# This output file may be truncated or incomplete.
#
#  Out of Memory Error (allocation.cpp:390), pid=9724, tid=9448
#
# JRE version: Java(TM) SE Runtime Environment (8.0_60-b27) (build 1.8.0_60-b27)
# Java VM: Java HotSpot(TM) 64-Bit Server VM (25.60-b23 mixed mode windows-amd64 compressed oops)
# Failed to write core dump. Minidumps are not enabled by default on client versions of Windows
#

---------------  T H R E A D  ---------------

Current thread (0x0000000007313800):  JavaThread "C2 CompilerThread1" daemon [_thread_in_native, id=9448, stack(0x00000000076c0000,0x00000000077c0000)]

Stack: [0x00000000076c0000,0x00000000077c0000]
[error occurred during error reporting (printing stack bounds), id 0xc0000005]

Native frames: (J=compiled Java code, j=interpreted, Vv=VM code, C=native code)


Current CompileTask:
C2:   6577 2001   !   4       com.android.dx.cf.code.BytecodeArray::parseInstruction (2764 bytes)


---------------  P R O C E S S  ---------------

Java Threads: ( => current thread )
  0x0000000007ac2000 JavaThread "pool-1-thread-4" [_thread_blocked, id=6408, stack(0x00000000086c0000,0x00000000087c0000)]
  0x0000000007ac1000 JavaThread "pool-1-thread-3" [_thread_blocked, id=7616, stack(0x00000000085c0000,0x00000000086c0000)]
  0x0000000007ac0800 JavaThread "pool-1-thread-2" [_thread_in_Java, id=6716, stack(0x00000000084c0000,0x00000000085c0000)]
  0x0000000007af3800 JavaThread "pool-2-thread-1" [_thread_blocked, id=6480, stack(0x00000000083c0000,0x00000000084c0000)]
  0x0000000007afa800 JavaThread "pool-1-thread-1" [_thread_blocked, id=10080, stack(0x00000000082c0000,0x00000000083c0000)]
  0x000000000731e800 JavaThread "Service Thread" daemon [_thread_blocked, id=7056, stack(0x00000000078c0000,0x00000000079c0000)]
  0x000000000731a000 JavaThread "C1 CompilerThread2" daemon [_thread_blocked, id=6840, stack(0x00000000077c0000,0x00000000078c0000)]
=>0x0000000007313800 JavaThread "C2 CompilerThread1" daemon [_thread_in_native, id=9448, stack(0x00000000076c0000,0x00000000077c0000)]
  0x0000000005cc8800 JavaThread "C2 CompilerThread0" daemon [_thread_in_native, id=4752, stack(0x00000000071c0000,0x00000000072c0000)]
  0x0000000005c7d800 JavaThread "Attach Listener" daemon [_thread_blocked, id=6180, stack(0x00000000070c0000,0x00000000071c0000)]
  0x0000000005c7c000 JavaThread "Signal Dispatcher" daemon [_thread_blocked, id=6532, stack(0x0000000006fc0000,0x00000000070c0000)]
  0x0000000002596000 JavaThread "Finalizer" daemon [_thread_blocked, id=9036, stack(0x0000000006ec0000,0x0000000006fc0000)]
  0x000000000258c000 JavaThread "Reference Handler" daemon [_thread_blocked, id=6920, stack(0x0000000006dc0000,0x0000000006ec0000)]
  0x00000000024a0800 JavaThread "main" [_thread_blocked, id=8472, stack(0x0000000002330000,0x0000000002430000)]

Other Threads:
  0x0000000005c36000 VMThread [stack: 0x0000000006cc0000,0x0000000006dc0000] [id=6240]
  0x000000000736e800 WatcherThread [stack: 0x00000000079c0000,0x0000000007ac0000] [id=7768]

VM state:not at safepoint (normal execution)

VM Mutex/Monitor currently owned by a thread: None

Heap:
 PSYoungGen      total 71680K, used 64584K [0x00000000eab00000, 0x00000000ef600000, 0x0000000100000000)
  eden space 66560K, 89% used [0x00000000eab00000,0x00000000ee514d68,0x00000000eec00000)
  from space 5120K, 99% used [0x00000000eec00000,0x00000000ef0fd670,0x00000000ef100000)
  to   space 5120K, 0% used [0x00000000ef100000,0x00000000ef100000,0x00000000ef600000)
 ParOldGen       total 87552K, used 34413K [0x00000000c0000000, 0x00000000c5580000, 0x00000000eab00000)
  object space 87552K, 39% used [0x00000000c0000000,0x00000000c219b5e8,0x00000000c5580000)
 Metaspace       used 6532K, capacity 7256K, committed 7424K, reserved 1056768K
  class space    used 625K, capacity 656K, committed 768K, reserved 1048576K

Card table byte_map: [0x0000000002960000,0x0000000002b70000] byte_map_base: 0x0000000002360000

Marking Bits: (ParMarkBitMap*) 0x000000006780a5b0
 Begin Bits: [0x00000000030d0000, 0x00000000040d0000)
 End Bits:   [0x00000000040d0000, 0x00000000050d0000)

Polling page: 0x0000000000860000

CodeCache: size=245760Kb used=8489Kb max_used=8489Kb free=237270Kb
 bounds [0x000000000f010000, 0x000000000f870000, 0x000000001e010000]
 total_blobs=2242 nmethods=1970 adapters=184
 compilation: enabled

Compilation events (10 events):
Event: 6.413 Thread 0x000000000731a000 2019       2       com.android.dx.ssa.back.FirstFitLocalCombiningAllocator::findRangeAndAdjust (311 bytes)
Event: 6.416 Thread 0x000000000731a000 nmethod 2019 0x000000000f85d590 code [0x000000000f85d800, 0x000000000f85e2b8]
Event: 6.416 Thread 0x000000000731a000 2020       2       com.android.dx.ssa.NormalSsaInsn::changeOneSource (120 bytes)
Event: 6.417 Thread 0x000000000731a000 nmethod 2020 0x000000000f85f0d0 code [0x000000000f85f2e0, 0x000000000f85fa38]
Event: 6.417 Thread 0x000000000731a000 2021       2       com.android.dx.rop.cst.CstLiteralBits::fitsIn16Bits (26 bytes)
Event: 6.417 Thread 0x000000000731a000 nmethod 2021 0x000000000f826f50 code [0x000000000f8270c0, 0x000000000f827298]
Event: 6.421 Thread 0x000000000731a000 2022       2       com.android.dx.dex.file.AnnotationUtils::makeCstArray (57 bytes)
Event: 6.422 Thread 0x000000000731a000 nmethod 2022 0x000000000f860410 code [0x000000000f860600, 0x000000000f860d18]
Event: 6.430 Thread 0x000000000731a000 2023       2       com.android.dx.dex.file.ClassDataItem::<init> (96 bytes)
Event: 6.430 Thread 0x000000000731a000 nmethod 2023 0x000000000f861550 code [0x000000000f861740, 0x000000000f861cc8]

GC Heap History (10 events):
Event: 2.471 GC heap before
{Heap before GC invocations=1 (full 0):
 PSYoungGen      total 38400K, used 33280K [0x00000000eab00000, 0x00000000ed580000, 0x0000000100000000)
  eden space 33280K, 100% used [0x00000000eab00000,0x00000000ecb80000,0x00000000ecb80000)
  from space 5120K, 0% used [0x00000000ed080000,0x00000000ed080000,0x00000000ed580000)
  to   space 5120K, 0% used [0x00000000ecb80000,0x00000000ecb80000,0x00000000ed080000)
 ParOldGen       total 87552K, used 0K [0x00000000c0000000, 0x00000000c5580000, 0x00000000eab00000)
  object space 87552K, 0% used [0x00000000c0000000,0x00000000c0000000,0x00000000c5580000)
 Metaspace       used 5963K, capacity 6832K, committed 7040K, reserved 1056768K
  class space    used 602K, capacity 616K, committed 640K, reserved 1048576K
Event: 2.526 GC heap after
Heap after GC invocations=1 (full 0):
 PSYoungGen      total 38400K, used 5093K [0x00000000eab00000, 0x00000000ef600000, 0x0000000100000000)
  eden space 33280K, 0% used [0x00000000eab00000,0x00000000eab00000,0x00000000ecb80000)
  from space 5120K, 99% used [0x00000000ecb80000,0x00000000ed079760,0x00000000ed080000)
  to   space 5120K, 0% used [0x00000000ef100000,0x00000000ef100000,0x00000000ef600000)
 ParOldGen       total 87552K, used 322K [0x00000000c0000000, 0x00000000c5580000, 0x00000000eab00000)
  object space 87552K, 0% used [0x00000000c0000000,0x00000000c00508d8,0x00000000c5580000)
 Metaspace       used 5963K, capacity 6832K, committed 7040K, reserved 1056768K
  class space    used 602K, capacity 616K, committed 640K, reserved 1048576K
}
Event: 3.298 GC heap before
{Heap before GC invocations=2 (full 0):
 PSYoungGen      total 38400K, used 38373K [0x00000000eab00000, 0x00000000ef600000, 0x0000000100000000)
  eden space 33280K, 100% used [0x00000000eab00000,0x00000000ecb80000,0x00000000ecb80000)
  from space 5120K, 99% used [0x00000000ecb80000,0x00000000ed079760,0x00000000ed080000)
  to   space 5120K, 0% used [0x00000000ef100000,0x00000000ef100000,0x00000000ef600000)
 ParOldGen       total 87552K, used 322K [0x00000000c0000000, 0x00000000c5580000, 0x00000000eab00000)
  object space 87552K, 0% used [0x00000000c0000000,0x00000000c00508d8,0x00000000c5580000)
 Metaspace       used 6187K, capacity 7026K, committed 7296K, reserved 1056768K
  class space    used 604K, capacity 618K, committed 640K, reserved 1048576K
Event: 3.331 GC heap after
Heap after GC invocations=2 (full 0):
 PSYoungGen      total 71680K, used 5091K [0x00000000eab00000, 0x00000000ef600000, 0x0000000100000000)
  eden space 66560K, 0% used [0x00000000eab00000,0x00000000eab00000,0x00000000eec00000)
  from space 5120K, 99% used [0x00000000ef100000,0x00000000ef5f8d20,0x00000000ef600000)
  to   space 5120K, 0% used [0x00000000eec00000,0x00000000eec00000,0x00000000ef100000)
 ParOldGen       total 87552K, used 3617K [0x00000000c0000000, 0x00000000c5580000, 0x00000000eab00000)
  object space 87552K, 4% used [0x00000000c0000000,0x00000000c0388708,0x00000000c5580000)
 Metaspace       used 6187K, capacity 7026K, committed 7296K, reserved 1056768K
  class space    used 604K, capacity 618K, committed 640K, reserved 1048576K
}
Event: 4.072 GC heap before
{Heap before GC invocations=3 (full 0):
 PSYoungGen      total 71680K, used 71651K [0x00000000eab00000, 0x00000000ef600000, 0x0000000100000000)
  eden space 66560K, 100% used [0x00000000eab00000,0x00000000eec00000,0x00000000eec00000)
  from space 5120K, 99% used [0x00000000ef100000,0x00000000ef5f8d20,0x00000000ef600000)
  to   space 5120K, 0% used [0x00000000eec00000,0x00000000eec00000,0x00000000ef100000)
 ParOldGen       total 87552K, used 3617K [0x00000000c0000000, 0x00000000c5580000, 0x00000000eab00000)
  object space 87552K, 4% used [0x00000000c0000000,0x00000000c0388708,0x00000000c5580000)
 Metaspace       used 6303K, capacity 7154K, committed 7296K, reserved 1056768K
  class space    used 605K, capacity 618K, committed 640K, reserved 1048576K
Event: 4.114 GC heap after
Heap after GC invocations=3 (full 0):
 PSYoungGen      total 71680K, used 5113K [0x00000000eab00000, 0x00000000ef600000, 0x0000000100000000)
  eden space 66560K, 0% used [0x00000000eab00000,0x00000000eab00000,0x00000000eec00000)
  from space 5120K, 99% used [0x00000000eec00000,0x00000000ef0fe6e0,0x00000000ef100000)
  to   space 5120K, 0% used [0x00000000ef100000,0x00000000ef100000,0x00000000ef600000)
 ParOldGen       total 87552K, used 13338K [0x00000000c0000000, 0x00000000c5580000, 0x00000000eab00000)
  object space 87552K, 15% used [0x00000000c0000000,0x00000000c0d06a88,0x00000000c5580000)
 Metaspace       used 6303K, capacity 7154K, committed 7296K, reserved 1056768K
  class space    used 605K, capacity 618K, committed 640K, reserved 1048576K
}
Event: 4.852 GC heap before
{Heap before GC invocations=4 (full 0):
 PSYoungGen      total 71680K, used 71673K [0x00000000eab00000, 0x00000000ef600000, 0x0000000100000000)
  eden space 66560K, 100% used [0x00000000eab00000,0x00000000eec00000,0x00000000eec00000)
  from space 5120K, 99% used [0x00000000eec00000,0x00000000ef0fe6e0,0x00000000ef100000)
  to   space 5120K, 0% used [0x00000000ef100000,0x00000000ef100000,0x00000000ef600000)
 ParOldGen       total 87552K, used 13338K [0x00000000c0000000, 0x00000000c5580000, 0x00000000eab00000)
  object space 87552K, 15% used [0x00000000c0000000,0x00000000c0d06a88,0x00000000c5580000)
 Metaspace       used 6380K, capacity 7154K, committed 7296K, reserved 1056768K
  class space    used 605K, capacity 618K, committed 640K, reserved 1048576K
Event: 4.903 GC heap after
Heap after GC invocations=4 (full 0):
 PSYoungGen      total 71680K, used 5109K [0x00000000eab00000, 0x00000000ef600000, 0x0000000100000000)
  eden space 66560K, 0% used [0x00000000eab00000,0x00000000eab00000,0x00000000eec00000)
  from space 5120K, 99% used [0x00000000ef100000,0x00000000ef5fd670,0x00000000ef600000)
  to   space 5120K, 0% used [0x00000000eec00000,0x00000000eec00000,0x00000000ef100000)
 ParOldGen       total 87552K, used 23452K [0x00000000c0000000, 0x00000000c5580000, 0x00000000eab00000)
  object space 87552K, 26% used [0x00000000c0000000,0x00000000c16e71a0,0x00000000c5580000)
 Metaspace       used 6380K, capacity 7154K, committed 7296K, reserved 1056768K
  class space    used 605K, capacity 618K, committed 640K, reserved 1048576K
}
Event: 5.458 GC heap before
{Heap before GC invocations=5 (full 0):
 PSYoungGen      total 71680K, used 71669K [0x00000000eab00000, 0x00000000ef600000, 0x0000000100000000)
  eden space 66560K, 100% used [0x00000000eab00000,0x00000000eec00000,0x00000000eec00000)
  from space 5120K, 99% used [0x00000000ef100000,0x00000000ef5fd670,0x00000000ef600000)
  to   space 5120K, 0% used [0x00000000eec00000,0x00000000eec00000,0x00000000ef100000)
 ParOldGen       total 87552K, used 23452K [0x00000000c0000000, 0x00000000c5580000, 0x00000000eab00000)
  object space 87552K, 26% used [0x00000000c0000000,0x00000000c16e71a0,0x00000000c5580000)
 Metaspace       used 6416K, capacity 7154K, committed 7296K, reserved 1056768K
  class space    used 605K, capacity 618K, committed 640K, reserved 1048576K
Event: 5.527 GC heap after
Heap after GC invocations=5 (full 0):
 PSYoungGen      total 71680K, used 5109K [0x00000000eab00000, 0x00000000ef600000, 0x0000000100000000)
  eden space 66560K, 0% used [0x00000000eab00000,0x00000000eab00000,0x00000000eec00000)
  from space 5120K, 99% used [0x00000000eec00000,0x00000000ef0fd670,0x00000000ef100000)
  to   space 5120K, 0% used [0x00000000ef100000,0x00000000ef100000,0x00000000ef600000)
 ParOldGen       total 87552K, used 34413K [0x00000000c0000000, 0x00000000c5580000, 0x00000000eab00000)
  object space 87552K, 39% used [0x00000000c0000000,0x00000000c219b5e8,0x00000000c5580000)
 Metaspace       used 6416K, capacity 7154K, committed 7296K, reserved 1056768K
  class space    used 605K, capacity 618K, committed 640K, reserved 1048576K
}

Deoptimization events (10 events):
Event: 4.662 Thread 0x0000000007ac0800 Uncommon trap: reason=unstable_if action=reinterpret pc=0x000000000f6ca434 method=com.android.dx.ssa.SCCP.simulateStmt(Lcom/android/dx/ssa/SsaInsn;)V @ 53
Event: 4.673 Thread 0x0000000007ac0800 Uncommon trap: reason=class_check action=maybe_recompile pc=0x000000000f485fc4 method=java.util.HashMap.putVal(ILjava/lang/Object;Ljava/lang/Object;ZZ)Ljava/lang/Object; @ 203
Event: 5.171 Thread 0x0000000007ac1000 Uncommon trap: reason=unstable_if action=reinterpret pc=0x000000000f63e288 method=com.android.dx.rop.code.LocalItem.compareHandlesNulls(Lcom/android/dx/rop/cst/CstString;Lcom/android/dx/rop/cst/CstString;)I @ 14
Event: 5.718 Thread 0x0000000007afa800 Uncommon trap: reason=bimorphic action=maybe_recompile pc=0x000000000f7a9700 method=com.android.dx.cf.code.BytecodeArray.parseInstruction(ILcom/android/dx/cf/code/BytecodeArray$Visitor;)I @ 1161
Event: 5.718 Thread 0x0000000007afa800 Uncommon trap: reason=bimorphic action=maybe_recompile pc=0x000000000f7a9700 method=com.android.dx.cf.code.BytecodeArray.parseInstruction(ILcom/android/dx/cf/code/BytecodeArray$Visitor;)I @ 1161
Event: 5.719 Thread 0x00000000024a0800 Uncommon trap: reason=unstable_if action=reinterpret pc=0x000000000f3b6c98 method=java.util.HashMap.putVal(ILjava/lang/Object;Ljava/lang/Object;ZZ)Ljava/lang/Object; @ 162
Event: 6.076 Thread 0x0000000007ac1000 Uncommon trap: reason=unstable_if action=reinterpret pc=0x000000000f62b254 method=com.android.dx.ssa.MoveParamCombiner$1.visitNonMoveInsn(Lcom/android/dx/ssa/NormalSsaInsn;)V @ 27
Event: 6.373 Thread 0x0000000007ac0800 Uncommon trap: reason=bimorphic action=maybe_recompile pc=0x000000000f6e2058 method=com.android.dx.ssa.LiteralOpUpgrader.tryReplacingWithConstant(Lcom/android/dx/ssa/NormalSsaInsn;)Z @ 62
Event: 6.373 Thread 0x0000000007ac0800 Uncommon trap: reason=unstable_if action=reinterpret pc=0x000000000f6f5500 method=com.android.dx.ssa.LiteralOpUpgrader$1.visitNonMoveInsn(Lcom/android/dx/ssa/NormalSsaInsn;)V @ 24
Event: 6.379 Thread 0x0000000007ac0800 Uncommon trap: reason=bimorphic action=maybe_recompile pc=0x000000000f6e2058 method=com.android.dx.ssa.LiteralOpUpgrader.tryReplacingWithConstant(Lcom/android/dx/ssa/NormalSsaInsn;)Z @ 62

Internal exceptions (7 events):
Event: 0.102 Thread 0x00000000024a0800 Exception <a 'java/lang/NoSuchMethodError': Method sun.misc.Unsafe.defineClass(Ljava/lang/String;[BII)Ljava/lang/Class; name or signature does not match> (0x00000000eab12fe0) thrown at [C:\re\workspace\8-2-build-windows-amd64-cygwin\jdk8u60\4407\hotspot\sr ÿ}º?
Event: 0.102 Thread 0x00000000024a0800 Exception <a 'java/lang/NoSuchMethodError': Method sun.misc.Unsafe.prefetchRead(Ljava/lang/Object;J)V name or signature does not match> (0x00000000eab132c8) thrown at [C:\re\workspace\8-2-build-windows-amd64-cygwin\jdk8u60\4407\hotspot\src\share\vm\prims\j
uŸëg@
Event: 2.426 Thread 0x00000000024a0800 Implicit null exception at 0x000000000f344322 to 0x000000000f344421
Event: 5.171 Thread 0x0000000007ac1000 Implicit null exception at 0x000000000f63c958 to 0x000000000f63e261
Event: 5.857 Thread 0x00000000024a0800 Exception <a 'java/lang/ArrayIndexOutOfBoundsException': 18> (0x00000000ebed4900) thrown at [C:\re\workspace\8-2-build-windows-amd64-cygwin\jdk8u60\4407\hotspot\src\share\vm\interpreter\interpreterRuntime.cpp, line 366]
Event: 5.857 Thread 0x00000000024a0800 Exception <a 'java/lang/ArrayIndexOutOfBoundsException'> (0x00000000ebed6480) thrown at [C:\re\workspace\8-2-build-windows-amd64-cygwin\jdk8u60\4407\hotspot\src\share\vm\runtime\sharedRuntime.cpp, line 605]
Event: 5.859 Thread 0x00000000024a0800 Exception <a 'java/lang/ArrayIndexOutOfBoundsException'> (0x00000000ebed7768) thrown at [C:\re\workspace\8-2-build-windows-amd64-cygwin\jdk8u60\4407\hotspot\src\share\vm\runtime\sharedRuntime.cpp, line 605]

Events (10 events):
Event: 6.076 Thread 0x0000000007ac1000 DEOPT UNPACKING pc=0x000000000f05582a sp=0x00000000086be6d8 mode 2
Event: 6.373 Thread 0x0000000007ac0800 Uncommon trap: trap_request=0xffffffc6 fr.pc=0x000000000f6e2058
Event: 6.373 Thread 0x0000000007ac0800 DEOPT PACKING pc=0x000000000f6e2058 sp=0x00000000085be480
Event: 6.373 Thread 0x0000000007ac0800 DEOPT UNPACKING pc=0x000000000f05582a sp=0x00000000085be420 mode 2
Event: 6.373 Thread 0x0000000007ac0800 Uncommon trap: trap_request=0xffffff65 fr.pc=0x000000000f6f5500
Event: 6.373 Thread 0x0000000007ac0800 DEOPT PACKING pc=0x000000000f6f5500 sp=0x00000000085be4f0
Event: 6.373 Thread 0x0000000007ac0800 DEOPT UNPACKING pc=0x000000000f05582a sp=0x00000000085be4a0 mode 2
Event: 6.379 Thread 0x0000000007ac0800 Uncommon trap: trap_request=0xffffffc6 fr.pc=0x000000000f6e2058
Event: 6.379 Thread 0x0000000007ac0800 DEOPT PACKING pc=0x000000000f6e2058 sp=0x00000000085be2c0
Event: 6.379 Thread 0x0000000007ac0800 DEOPT UNPACKING pc=0x000000000f05582a sp=0x00000000085be260 mode 2


Dynamic libraries:
0x00007ff7eac60000 - 0x00007ff7eac97000 	D:\Java\jdk1.8.0_60\bin\java.exe
0x00007ffae4ca0000 - 0x00007ffae4e4d000 	C:\Windows\SYSTEM32\ntdll.dll
0x00007ffae2c60000 - 0x00007ffae2d9e000 	C:\Windows\system32\KERNEL32.DLL
0x00007ffae1ec0000 - 0x00007ffae1fd5000 	C:\Windows\system32\KERNELBASE.dll
0x00007ffae0950000 - 0x00007ffae09de000 	C:\Windows\system32\apphelp.dll
0x00007ffadcc40000 - 0x00007ffadcc93000 	C:\Windows\AppPatch\AppPatch64\AcGenral.DLL
0x00007ffae3410000 - 0x00007ffae34ba000 	C:\Windows\system32\msvcrt.dll
0x00007ffae1c40000 - 0x00007ffae1c6e000 	C:\Windows\SYSTEM32\SspiCli.dll
0x00007ffae2bf0000 - 0x00007ffae2c44000 	C:\Windows\system32\SHLWAPI.dll
0x00007ffae2630000 - 0x00007ffae27a7000 	C:\Windows\system32\USER32.dll
0x00007ffae2320000 - 0x00007ffae24b4000 	C:\Windows\system32\ole32.dll
0x00007ffae3620000 - 0x00007ffae4b4a000 	C:\Windows\system32\SHELL32.dll
0x00007ffae13c0000 - 0x00007ffae13e1000 	C:\Windows\SYSTEM32\USERENV.dll
0x00007ffae2da0000 - 0x00007ffae2e4a000 	C:\Windows\system32\ADVAPI32.dll
0x00007ffad8f90000 - 0x00007ffad8fae000 	C:\Windows\SYSTEM32\MPR.dll
0x00007ffae2e50000 - 0x00007ffae2f91000 	C:\Windows\system32\RPCRT4.dll
0x00007ffae2fe0000 - 0x00007ffae3039000 	C:\Windows\SYSTEM32\sechost.dll
0x00007ffae29c0000 - 0x00007ffae2bd1000 	C:\Windows\SYSTEM32\combase.dll
0x00007ffae4b50000 - 0x00007ffae4ca0000 	C:\Windows\system32\GDI32.dll
0x00007ffae1df0000 - 0x00007ffae1e05000 	C:\Windows\SYSTEM32\profapi.dll
0x00007ffae00f0000 - 0x00007ffae01a2000 	C:\Windows\SYSTEM32\SHCORE.dll
0x00007ffae2fa0000 - 0x00007ffae2fd6000 	C:\Windows\system32\IMM32.DLL
0x00007ffae24c0000 - 0x00007ffae2612000 	C:\Windows\system32\MSCTF.dll
0x00007ffae1da0000 - 0x00007ffae1dd2000 	C:\Windows\system32\nvinitx.dll
0x00007ffae1d90000 - 0x00007ffae1d9a000 	C:\Windows\SYSTEM32\VERSION.dll
0x000000000f000000 - 0x000000000f006000 	C:\Program Files\NVIDIA Corporation\CoProcManager\_etoured.dll
0x00007ffadf370000 - 0x00007ffadf3a2000 	C:\Program Files\NVIDIA Corporation\CoProcManager\nvd3d9wrapx.dll
0x00007ffae3230000 - 0x00007ffae340a000 	C:\Windows\system32\SETUPAPI.dll
0x00007ffae2090000 - 0x00007ffae20df000 	C:\Windows\system32\CFGMGR32.dll
0x00007ffadf340000 - 0x00007ffadf362000 	C:\Program Files\NVIDIA Corporation\CoProcManager\nvdxgiwrapx.dll
0x00007ffadfc70000 - 0x00007ffadfeeb000 	C:\Windows\WinSxS\amd64_microsoft.windows.common-controls_6595b64144ccf1df_6.0.9600.18006_none_623f33d3ecbe86e8\COMCTL32.dll
0x0000000066f20000 - 0x0000000066ff2000 	D:\Java\jdk1.8.0_60\jre\bin\msvcr100.dll
0x0000000067000000 - 0x0000000067889000 	D:\Java\jdk1.8.0_60\jre\bin\server\jvm.dll
0x00007ffadf960000 - 0x00007ffadf969000 	C:\Windows\SYSTEM32\WSOCK32.dll
0x00007ffad8f50000 - 0x00007ffad8f72000 	C:\Windows\SYSTEM32\WINMM.dll
0x00007ffae2620000 - 0x00007ffae2627000 	C:\Windows\system32\PSAPI.DLL
0x00007ffae34e0000 - 0x00007ffae353a000 	C:\Windows\system32\WS2_32.dll
0x00007ffad8f20000 - 0x00007ffad8f4a000 	C:\Windows\SYSTEM32\WINMMBASE.dll
0x00007ffae2c50000 - 0x00007ffae2c59000 	C:\Windows\system32\NSI.dll
0x00007ffae0bc0000 - 0x00007ffae0be8000 	C:\Windows\SYSTEM32\DEVOBJ.dll
0x0000000067ee0000 - 0x0000000067eef000 	D:\Java\jdk1.8.0_60\jre\bin\verify.dll
0x0000000067eb0000 - 0x0000000067ed9000 	D:\Java\jdk1.8.0_60\jre\bin\java.dll
0x0000000067e90000 - 0x0000000067ea6000 	D:\Java\jdk1.8.0_60\jre\bin\zip.dll

VM Arguments:
jvm_args: -Djava.awt.headless=true -Xmx1024M -Dfile.encoding=GBK -Duser.country=CN -Duser.language=zh -Duser.variant 
java_command: com.android.dx.command.Main --dex --force-jumbo --num-threads=4 --output E:\Study\Android\MyApps\TalkTo\app\build\intermediates\pre-dexed\debug\com.android.support-support-v4-23.3.0_58c8fb8ce4365c54cad328df5dae74bc47b0b87a.jar E:\Study\Android\MyApps\TalkTo\app\build\intermediates\exploded-aar\com.android.support\support-v4\23.3.0\jars\classes.jar
java_class_path (initial): D:\AndroidSDK\build-tools\23.0.3\lib\dx.jar
Launcher Type: SUN_STANDARD

Environment Variables:
JAVA_HOME=D:\Java\jdk1.8.0_60\
CLASSPATH=.;D:\Java\jdk1.8.0_60\\lib\dt.jar;D:\Java\jdk1.8.0_60\\lib\tools.jar
PATH=C:\Program Files (x86)\NVIDIA Corporation\PhysX\Common;C:\ProgramData\Oracle\Java\javapath;C:\Windows\system32;C:\Windows;C:\Windows\System32\Wbem;C:\Windows\System32\WindowsPowerShell\v1.0\;D:\Java\jdk1.8.0_60\\bin;D:\Java\jdk1.8.0_60\\jre\bin;D:\AndroidSDK\platform-tools;D:\AndroidSDK\tools;D:\MinGW\bin;D:\MySQL\mysql-5.6.24-winx64\bin
USERNAME=asus
OS=Windows_NT
PROCESSOR_IDENTIFIER=Intel64 Family 6 Model 42 Stepping 7, GenuineIntel



---------------  S Y S T E M  ---------------

OS: Windows 8.1 , 64 bit Build 9600 (6.3.9600.17415)

CPU:total 4 (2 cores per cpu, 2 threads per core) family 6 model 42 stepping 7, cmov, cx8, fxsr, mmx, sse, sse2, sse3, ssse3, sse4.1, sse4.2, popcnt, avx, clmul, ht, tsc, tscinvbit

Memory: 4k page, physical 8269564k(2174260k free), swap 8269564k(5440k free)

vm_info: Java HotSpot(TM) 64-Bit Server VM (25.60-b23) for windows-amd64 JRE (1.8.0_60-b27), built on Aug  4 2015 11:06:27 by "java_re" with MS VC++ 10.0 (VS2010)

time: Sat Apr 23 18:16:43 2016
elapsed time: 6 seconds (0d 0h 0m 6s)

